Dump: threadid=-146941632, Time: 2016-4-3 12:0:7
TERM exception:
./ShareMemory() [0x8068dd1]
./ShareMemory() [0x805c2f8]
[0xf7793c60]
[0xf7793c90]
/lib/i386-linux-gnu/libc.so.6(nanosleep+0x46) [0xf74c0826]
/lib/i386-linux-gnu/libc.so.6(usleep+0x3d) [0xf74ef88d]
./ShareMemory() [0x805ec11]
./ShareMemory() [0x805eed4]
/lib/i386-linux-gnu/libc.so.6(__libc_start_main+0xf3) [0xf7424a83]
./ShareMemory(__gxx_personality_v0+0x91) [0x8049e05]
Dump: threadid=-1216792880, Time: 2016-10-8 0:14:48
ABORT exception:
./ShareMemory() [0x8068dd1]
./ShareMemory() [0x805c314]
[0x872400]
[0x872422]
/lib/tls/i686/cmov/libc.so.6(gsignal+0x51) [0xc253e1]
/lib/tls/i686/cmov/libc.so.6(abort+0x182) [0xc28812]
/usr/lib/libstdc++.so.6(_ZN9__gnu_cxx27__verbose_terminate_handlerEv+0x14f) [0x4f352f]
/usr/lib/libstdc++.so.6(+0xbd465) [0x4f1465]
/usr/lib/libstdc++.so.6(+0xbd4a2) [0x4f14a2]
/usr/lib/libstdc++.so.6(+0xbd5e1) [0x4f15e1]
./ShareMemory() [0x80911b7]
./ShareMemory() [0x8091345]
./ShareMemory() [0x8052c6e]
./ShareMemory() [0x805d9c1]
./ShareMemory() [0x805ee09]
/lib/tls/i686/cmov/libc.so.6(__libc_start_main+0xe6) [0xc11bf6]
./ShareMemory(__gxx_personality_v0+0x91) [0x8049e05]
Dump: threadid=-1215785264, Time: 2016-10-8 0:18:2
ABORT exception:
./ShareMemory() [0x8068dd1]
./ShareMemory() [0x805c314]
[0x370400]
[0x370422]
/lib/tls/i686/cmov/libc.so.6(gsignal+0x51) [0x13a3e1]
/lib/tls/i686/cmov/libc.so.6(abort+0x182) [0x13d812]
/usr/lib/libstdc++.so.6(_ZN9__gnu_cxx27__verbose_terminate_handlerEv+0x14f) [0xab152f]
/usr/lib/libstdc++.so.6(+0xbd465) [0xaaf465]
/usr/lib/libstdc++.so.6(+0xbd4a2) [0xaaf4a2]
/usr/lib/libstdc++.so.6(+0xbd5e1) [0xaaf5e1]
./ShareMemory() [0x80911b7]
./ShareMemory() [0x8091345]
./ShareMemory() [0x8052c6e]
./ShareMemory() [0x805d9c1]
./ShareMemory() [0x805ee09]
/lib/tls/i686/cmov/libc.so.6(__libc_start_main+0xe6) [0x126bf6]
./ShareMemory(__gxx_personality_v0+0x91) [0x8049e05]
Dump: threadid=-1216276784, Time: 2016-10-8 0:19:0
ABORT exception:
./ShareMemory() [0x8068dd1]
./ShareMemory() [0x805c314]
[0x2c4400]
[0x2c4422]
/lib/tls/i686/cmov/libc.so.6(gsignal+0x51) [0xca13e1]
/lib/tls/i686/cmov/libc.so.6(abort+0x182) [0xca4812]
/usr/lib/libstdc++.so.6(_ZN9__gnu_cxx27__verbose_terminate_handlerEv+0x14f) [0x97352f]
/usr/lib/libstdc++.so.6(+0xbd465) [0x971465]
/usr/lib/libstdc++.so.6(+0xbd4a2) [0x9714a2]
/usr/lib/libstdc++.so.6(+0xbd5e1) [0x9715e1]
./ShareMemory() [0x80911b7]
./ShareMemory() [0x8091345]
./ShareMemory() [0x8052c6e]
./ShareMemory() [0x805d9c1]
./ShareMemory() [0x805ee09]
/lib/tls/i686/cmov/libc.so.6(__libc_start_main+0xe6) [0xc8dbf6]
./ShareMemory(__gxx_personality_v0+0x91) [0x8049e05]
Dump: threadid=-1216907568, Time: 2016-10-8 0:20:35
ABORT exception:
./ShareMemory() [0x8068dd1]
./ShareMemory() [0x805c314]
[0x9fd400]
[0x9fd422]
/lib/tls/i686/cmov/libc.so.6(gsignal+0x51) [0xb8b3e1]
/lib/tls/i686/cmov/libc.so.6(abort+0x182) [0xb8e812]
/usr/lib/libstdc++.so.6(_ZN9__gnu_cxx27__verbose_terminate_handlerEv+0x14f) [0x90852f]
/usr/lib/libstdc++.so.6(+0xbd465) [0x906465]
/usr/lib/libstdc++.so.6(+0xbd4a2) [0x9064a2]
/usr/lib/libstdc++.so.6(+0xbd5e1) [0x9065e1]
./ShareMemory() [0x80911b7]
./ShareMemory() [0x8091345]
./ShareMemory() [0x8052c6e]
./ShareMemory() [0x805d9c1]
./ShareMemory() [0x805ee09]
/lib/tls/i686/cmov/libc.so.6(__libc_start_main+0xe6) [0xb77bf6]
./ShareMemory(__gxx_personality_v0+0x91) [0x8049e05]
Dump: threadid=-1215596848, Time: 2016-10-8 0:22:56
ABORT exception:
./ShareMemory() [0x8068dd1]
./ShareMemory() [0x805c314]
[0x51d400]
[0x51d422]
/lib/tls/i686/cmov/libc.so.6(gsignal+0x51) [0x2e83e1]
/lib/tls/i686/cmov/libc.so.6(abort+0x182) [0x2eb812]
/usr/lib/libstdc++.so.6(_ZN9__gnu_cxx27__verbose_terminate_handlerEv+0x14f) [0x28852f]
/usr/lib/libstdc++.so.6(+0xbd465) [0x286465]
/usr/lib/libstdc++.so.6(+0xbd4a2) [0x2864a2]
/usr/lib/libstdc++.so.6(+0xbd5e1) [0x2865e1]
./ShareMemory() [0x80911b7]
./ShareMemory() [0x8091345]
./ShareMemory() [0x8052c6e]
./ShareMemory() [0x805d9c1]
./ShareMemory() [0x805ee09]
/lib/tls/i686/cmov/libc.so.6(__libc_start_main+0xe6) [0x2d4bf6]
./ShareMemory(__gxx_personality_v0+0x91) [0x8049e05]
Dump: threadid=-1216747824, Time: 2016-10-8 0:24:30
ABORT exception:
./ShareMemory() [0x8068dd1]
./ShareMemory() [0x805c314]
[0xe24400]
[0xe24422]
/lib/tls/i686/cmov/libc.so.6(gsignal+0x51) [0x13a3e1]
/lib/tls/i686/cmov/libc.so.6(abort+0x182) [0x13d812]
/usr/lib/libstdc++.so.6(_ZN9__gnu_cxx27__verbose_terminate_handlerEv+0x14f) [0x8e552f]
/usr/lib/libstdc++.so.6(+0xbd465) [0x8e3465]
/usr/lib/libstdc++.so.6(+0xbd4a2) [0x8e34a2]
/usr/lib/libstdc++.so.6(+0xbd5e1) [0x8e35e1]
./ShareMemory() [0x80911b7]
./ShareMemory() [0x8091345]
./ShareMemory() [0x8052c6e]
./ShareMemory() [0x805d9c1]
./ShareMemory() [0x805ee09]
/lib/tls/i686/cmov/libc.so.6(__libc_start_main+0xe6) [0x126bf6]
./ShareMemory(__gxx_personality_v0+0x91) [0x8049e05]
Dump: threadid=-1217173808, Time: 2016-10-8 0:26:27
ABORT exception:
./ShareMemory() [0x8068dd1]
./ShareMemory() [0x805c314]
[0x63d400]
[0x63d422]
/lib/tls/i686/cmov/libc.so.6(gsignal+0x51) [0x73e3e1]
/lib/tls/i686/cmov/libc.so.6(abort+0x182) [0x741812]
/usr/lib/libstdc++.so.6(_ZN9__gnu_cxx27__verbose_terminate_handlerEv+0x14f) [0xf0e52f]
/usr/lib/libstdc++.so.6(+0xbd465) [0xf0c465]
/usr/lib/libstdc++.so.6(+0xbd4a2) [0xf0c4a2]
/usr/lib/libstdc++.so.6(+0xbd5e1) [0xf0c5e1]
./ShareMemory() [0x80911b7]
./ShareMemory() [0x8091345]
./ShareMemory() [0x8052c6e]
./ShareMemory() [0x805d9c1]
./ShareMemory() [0x805ee09]
/lib/tls/i686/cmov/libc.so.6(__libc_start_main+0xe6) [0x72abf6]
./ShareMemory(__gxx_personality_v0+0x91) [0x8049e05]
Dump: threadid=-1216248112, Time: 2016-10-8 0:27:51
ABORT exception:
./ShareMemory() [0x8068dd1]
./ShareMemory() [0x805c314]
[0x5ec400]
[0x5ec422]
/lib/tls/i686/cmov/libc.so.6(gsignal+0x51) [0xd0a3e1]
/lib/tls/i686/cmov/libc.so.6(abort+0x182) [0xd0d812]
/usr/lib/libstdc++.so.6(_ZN9__gnu_cxx27__verbose_terminate_handlerEv+0x14f) [0x1cf52f]
/usr/lib/libstdc++.so.6(+0xbd465) [0x1cd465]
/usr/lib/libstdc++.so.6(+0xbd4a2) [0x1cd4a2]
/usr/lib/libstdc++.so.6(+0xbd5e1) [0x1cd5e1]
./ShareMemory() [0x80911b7]
./ShareMemory() [0x8091345]
./ShareMemory() [0x8052c6e]
./ShareMemory() [0x805d9c1]
./ShareMemory() [0x805ee09]
/lib/tls/i686/cmov/libc.so.6(__libc_start_main+0xe6) [0xcf6bf6]
./ShareMemory(__gxx_personality_v0+0x91) [0x8049e05]
Dump: threadid=-1216756016, Time: 2016-10-8 0:28:10
ABORT exception:
./ShareMemory() [0x8068dd1]
./ShareMemory() [0x805c314]
[0xd47400]
[0xd47422]
/lib/tls/i686/cmov/libc.so.6(gsignal+0x51) [0x6473e1]
/lib/tls/i686/cmov/libc.so.6(abort+0x182) [0x64a812]
/usr/lib/libstdc++.so.6(_ZN9__gnu_cxx27__verbose_terminate_handlerEv+0x14f) [0xb4152f]
/usr/lib/libstdc++.so.6(+0xbd465) [0xb3f465]
/usr/lib/libstdc++.so.6(+0xbd4a2) [0xb3f4a2]
/usr/lib/libstdc++.so.6(+0xbd5e1) [0xb3f5e1]
./ShareMemory() [0x80911b7]
./ShareMemory() [0x8091345]
./ShareMemory() [0x8052c6e]
./ShareMemory() [0x805d9c1]
./ShareMemory() [0x805ee09]
/lib/tls/i686/cmov/libc.so.6(__libc_start_main+0xe6) [0x633bf6]
./ShareMemory(__gxx_personality_v0+0x91) [0x8049e05]
Dump: threadid=-1215789360, Time: 2016-10-8 0:30:55
ABORT exception:
./ShareMemory() [0x8068dd1]
./ShareMemory() [0x805c314]
[0x4dd400]
[0x4dd422]
/lib/tls/i686/cmov/libc.so.6(gsignal+0x51) [0x5273e1]
/lib/tls/i686/cmov/libc.so.6(abort+0x182) [0x52a812]
/usr/lib/libstdc++.so.6(_ZN9__gnu_cxx27__verbose_terminate_handlerEv+0x14f) [0x1cf52f]
/usr/lib/libstdc++.so.6(+0xbd465) [0x1cd465]
/usr/lib/libstdc++.so.6(+0xbd4a2) [0x1cd4a2]
/usr/lib/libstdc++.so.6(+0xbd5e1) [0x1cd5e1]
./ShareMemory() [0x80911b7]
./ShareMemory() [0x8091345]
./ShareMemory() [0x8052c6e]
./ShareMemory() [0x805d9c1]
./ShareMemory() [0x805ee09]
/lib/tls/i686/cmov/libc.so.6(__libc_start_main+0xe6) [0x513bf6]
./ShareMemory(__gxx_personality_v0+0x91) [0x8049e05]
Dump: threadid=-1215392048, Time: 2016-10-8 0:30:59
ABORT exception:
./ShareMemory() [0x8068dd1]
./ShareMemory() [0x805c314]
[0x9e5400]
[0x9e5422]
/lib/tls/i686/cmov/libc.so.6(gsignal+0x51) [0xd9b3e1]
/lib/tls/i686/cmov/libc.so.6(abort+0x182) [0xd9e812]
/usr/lib/libstdc++.so.6(_ZN9__gnu_cxx27__verbose_terminate_handlerEv+0x14f) [0x1cf52f]
/usr/lib/libstdc++.so.6(+0xbd465) [0x1cd465]
/usr/lib/libstdc++.so.6(+0xbd4a2) [0x1cd4a2]
/usr/lib/libstdc++.so.6(+0xbd5e1) [0x1cd5e1]
./ShareMemory() [0x80911b7]
./ShareMemory() [0x8091345]
./ShareMemory() [0x8052c6e]
./ShareMemory() [0x805d9c1]
./ShareMemory() [0x805ee09]
/lib/tls/i686/cmov/libc.so.6(__libc_start_main+0xe6) [0xd87bf6]
./ShareMemory(__gxx_personality_v0+0x91) [0x8049e05]
Dump: threadid=-1216543024, Time: 2016-10-8 0:34:38
ABORT exception:
./ShareMemory() [0x8068dd1]
./ShareMemory() [0x805c314]
[0x68f400]
[0x68f422]
/lib/tls/i686/cmov/libc.so.6(gsignal+0x51) [0x3353e1]
/lib/tls/i686/cmov/libc.so.6(abort+0x182) [0x338812]
/usr/lib/libstdc++.so.6(_ZN9__gnu_cxx27__verbose_terminate_handlerEv+0x14f) [0x97b52f]
/usr/lib/libstdc++.so.6(+0xbd465) [0x979465]
/usr/lib/libstdc++.so.6(+0xbd4a2) [0x9794a2]
/usr/lib/libstdc++.so.6(+0xbd5e1) [0x9795e1]
./ShareMemory() [0x80911b7]
./ShareMemory() [0x8091345]
./ShareMemory() [0x8052c6e]
./ShareMemory() [0x805d9c1]
./ShareMemory() [0x805ee09]
/lib/tls/i686/cmov/libc.so.6(__libc_start_main+0xe6) [0x321bf6]
./ShareMemory(__gxx_personality_v0+0x91) [0x8049e05]
